▲ Next.js 16.2.10 (Turbopack)
- Environments: .env.local

  Creating an optimized production build ...

> Build error occurred
Error: Turbopack build failed with 3 errors:
./src/app/dashboard/literature/page.tsx:1:33
You're importing a module that depends on `useEffect` into a React Server Component module. This API is only available in Client Components. To fix, mark the file (or its parent) with the `"use client"` directive.
    Learn more: https://nextjs.org/docs/app/api-reference/directives/use-client
[31m[1m>[0m [90m1 |[0m [36mimport[0m { useState, useCallback, useEffect, useRef } [36mfrom[0m [32m"react"[0m
  [90m  |[0m                                 [31m[1m^^^^^^^^^[0m
  [90m2 |[0m [36mimport[0m {
  [90m3 |[0m   [33mSearch[0m,
  [90m4 |[0m   [33mBookOpen[0m,

Ecmascript file had an error


./src/app/dashboard/literature/page.tsx:1:44
You're importing a module that depends on `useRef` into a React Server Component module. This API is only available in Client Components. To fix, mark the file (or its parent) with the `"use client"` directive.
    Learn more: https://nextjs.org/docs/app/api-reference/directives/use-client
[31m[1m>[0m [90m1 |[0m [36mimport[0m { useState, useCallback, useEffect, useRef } [36mfrom[0m [32m"react"[0m
  [90m  |[0m                                            [31m[1m^^^^^^[0m
  [90m2 |[0m [36mimport[0m {
  [90m3 |[0m   [33mSearch[0m,
  [90m4 |[0m   [33mBookOpen[0m,

Ecmascript file had an error


./src/app/dashboard/literature/page.tsx:1:10
You're importing a module that depends on `useState` into a React Server Component module. This API is only available in Client Components. To fix, mark the file (or its parent) with the `"use client"` directive.
    Learn more: https://nextjs.org/docs/app/api-reference/directives/use-client
[31m[1m>[0m [90m1 |[0m [36mimport[0m { useState, useCallback, useEffect, useRef } [36mfrom[0m [32m"react"[0m
  [90m  |[0m          [31m[1m^^^^^^^^[0m
  [90m2 |[0m [36mimport[0m {
  [90m3 |[0m   [33mSearch[0m,
  [90m4 |[0m   [33mBookOpen[0m,

Ecmascript file had an error


    at <unknown> (./src/app/dashboard/literature/page.tsx:1:33)
    at <unknown> (./src/app/dashboard/literature/page.tsx:1:44)
    at <unknown> (./src/app/dashboard/literature/page.tsx:1:10)
